{"C:\\Users\\felip\\dev\\pos\\Hackaton\\MS-video-processor\\src\\app.js": {"path":"C:\\Users\\felip\\dev\\pos\\Hackaton\\MS-video-processor\\src\\app.js","statementMap":{"0":{"start":{"line":1,"column":16},"end":{"line":1,"column":34}},"1":{"start":{"line":2,"column":13},"end":{"line":2,"column":28}},"2":{"start":{"line":3,"column":21},"end":{"line":3,"column":48}},"3":{"start":{"line":4,"column":20},"end":{"line":4,"column":52}},"4":{"start":{"line":6,"column":12},"end":{"line":6,"column":21}},"5":{"start":{"line":8,"column":0},"end":{"line":8,"column":24}},"6":{"start":{"line":9,"column":0},"end":{"line":9,"column":56}},"7":{"start":{"line":12,"column":0},"end":{"line":12,"column":18}},"8":{"start":{"line":15,"column":0},"end":{"line":15,"column":32}},"9":{"start":{"line":17,"column":0},"end":{"line":17,"column":21}}},"fnMap":{},"branchMap":{},"s":{"0":1,"1":1,"2":1,"3":1,"4":1,"5":1,"6":1,"7":1,"8":1,"9":1},"f":{},"b":{},"_coverageSchema":"1a1c01bbd47fc00a2c39e90264f33305004495a9","hash":"ab7e38a9f7bb38cb1fbe5c581d3d47e3a06c429d"}
,"C:\\Users\\felip\\dev\\pos\\Hackaton\\MS-video-processor\\src\\config\\database.js": {"path":"C:\\Users\\felip\\dev\\pos\\Hackaton\\MS-video-processor\\src\\config\\database.js","statementMap":{"0":{"start":{"line":1,"column":24},"end":{"line":1,"column":42}},"1":{"start":{"line":2,"column":24},"end":{"line":2,"column":47}},"2":{"start":{"line":7,"column":17},"end":{"line":7,"column":45}},"3":{"start":{"line":9,"column":2},"end":{"line":9,"column":25}},"4":{"start":{"line":10,"column":2},"end":{"line":10,"column":19}},"5":{"start":{"line":11,"column":2},"end":{"line":11,"column":40}},"6":{"start":{"line":15,"column":2},"end":{"line":15,"column":62}},"7":{"start":{"line":15,"column":11},"end":{"line":15,"column":62}},"8":{"start":{"line":16,"column":2},"end":{"line":16,"column":12}},"9":{"start":{"line":19,"column":0},"end":{"line":19,"column":46}}},"fnMap":{"0":{"name":"connectToDatabase","decl":{"start":{"line":6,"column":15},"end":{"line":6,"column":32}},"loc":{"start":{"line":6,"column":35},"end":{"line":12,"column":1}},"line":6},"1":{"name":"getDb","decl":{"start":{"line":14,"column":9},"end":{"line":14,"column":14}},"loc":{"start":{"line":14,"column":17},"end":{"line":17,"column":1}},"line":14}},"branchMap":{"0":{"loc":{"start":{"line":15,"column":2},"end":{"line":15,"column":62}},"type":"if","locations":[{"start":{"line":15,"column":2},"end":{"line":15,"column":62}},{"start":{},"end":{}}],"line":15}},"s":{"0":3,"1":3,"2":0,"3":0,"4":0,"5":0,"6":0,"7":0,"8":0,"9":3},"f":{"0":0,"1":0},"b":{"0":[0,0]},"_coverageSchema":"1a1c01bbd47fc00a2c39e90264f33305004495a9","hash":"1f839648a4e8ea22c9ca5e9ccb447d5acb8eb6e2"}
,"C:\\Users\\felip\\dev\\pos\\Hackaton\\MS-video-processor\\src\\config\\swagger.js": {"path":"C:\\Users\\felip\\dev\\pos\\Hackaton\\MS-video-processor\\src\\config\\swagger.js","statementMap":{"0":{"start":{"line":1,"column":18},"end":{"line":1,"column":47}},"1":{"start":{"line":2,"column":19},"end":{"line":2,"column":50}},"2":{"start":{"line":4,"column":21},"end":{"line":4,"column":102}},"3":{"start":{"line":4,"column":36},"end":{"line":4,"column":102}},"4":{"start":{"line":6,"column":0},"end":{"line":6,"column":30}}},"fnMap":{"0":{"name":"(anonymous_0)","decl":{"start":{"line":4,"column":21},"end":{"line":4,"column":22}},"loc":{"start":{"line":4,"column":36},"end":{"line":4,"column":102}},"line":4}},"branchMap":{},"s":{"0":1,"1":1,"2":1,"3":1,"4":1},"f":{"0":1},"b":{},"_coverageSchema":"1a1c01bbd47fc00a2c39e90264f33305004495a9","hash":"94d572aa7e24661b827103372817e600e46c8b2b"}
,"C:\\Users\\felip\\dev\\pos\\Hackaton\\MS-video-processor\\src\\controllers\\frame.controller.js": {"path":"C:\\Users\\felip\\dev\\pos\\Hackaton\\MS-video-processor\\src\\controllers\\frame.controller.js","statementMap":{"0":{"start":{"line":1,"column":19},"end":{"line":1,"column":51}},"1":{"start":{"line":2,"column":31},"end":{"line":2,"column":60}},"2":{"start":{"line":3,"column":21},"end":{"line":3,"column":50}},"3":{"start":{"line":5,"column":0},"end":{"line":19,"column":2}},"4":{"start":{"line":6,"column":2},"end":{"line":18,"column":3}},"5":{"start":{"line":7,"column":43},"end":{"line":7,"column":51}},"6":{"start":{"line":8,"column":4},"end":{"line":8,"column":104}},"7":{"start":{"line":10,"column":17},"end":{"line":10,"column":89}},"8":{"start":{"line":11,"column":20},"end":{"line":11,"column":54}},"9":{"start":{"line":13,"column":4},"end":{"line":13,"column":53}},"10":{"start":{"line":14,"column":4},"end":{"line":14,"column":69}},"11":{"start":{"line":16,"column":4},"end":{"line":16,"column":51}},"12":{"start":{"line":17,"column":4},"end":{"line":17,"column":61}},"13":{"start":{"line":21,"column":0},"end":{"line":35,"column":2}},"14":{"start":{"line":22,"column":2},"end":{"line":34,"column":3}},"15":{"start":{"line":23,"column":24},"end":{"line":23,"column":34}},"16":{"start":{"line":25,"column":18},"end":{"line":25,"column":56}},"17":{"start":{"line":26,"column":4},"end":{"line":26,"column":79}},"18":{"start":{"line":26,"column":16},"end":{"line":26,"column":79}},"19":{"start":{"line":28,"column":4},"end":{"line":28,"column":69}},"20":{"start":{"line":30,"column":4},"end":{"line":30,"column":32}},"21":{"start":{"line":32,"column":4},"end":{"line":32,"column":60}},"22":{"start":{"line":33,"column":4},"end":{"line":33,"column":71}},"23":{"start":{"line":37,"column":0},"end":{"line":48,"column":2}},"24":{"start":{"line":38,"column":2},"end":{"line":47,"column":3}},"25":{"start":{"line":39,"column":25},"end":{"line":39,"column":34}},"26":{"start":{"line":40,"column":4},"end":{"line":40,"column":96}},"27":{"start":{"line":40,"column":19},"end":{"line":40,"column":96}},"28":{"start":{"line":42,"column":19},"end":{"line":42,"column":64}},"29":{"start":{"line":43,"column":4},"end":{"line":43,"column":33}},"30":{"start":{"line":45,"column":4},"end":{"line":45,"column":54}},"31":{"start":{"line":46,"column":4},"end":{"line":46,"column":65}},"32":{"start":{"line":50,"column":0},"end":{"line":62,"column":2}},"33":{"start":{"line":51,"column":2},"end":{"line":61,"column":3}},"34":{"start":{"line":52,"column":24},"end":{"line":52,"column":34}},"35":{"start":{"line":53,"column":16},"end":{"line":53,"column":77}},"36":{"start":{"line":55,"column":4},"end":{"line":55,"column":89}},"37":{"start":{"line":57,"column":4},"end":{"line":57,"column":45}},"38":{"start":{"line":59,"column":4},"end":{"line":59,"column":63}},"39":{"start":{"line":60,"column":4},"end":{"line":60,"column":74}},"40":{"start":{"line":64,"column":0},"end":{"line":94,"column":2}},"41":{"start":{"line":65,"column":2},"end":{"line":93,"column":3}},"42":{"start":{"line":66,"column":24},"end":{"line":66,"column":34}},"43":{"start":{"line":67,"column":32},"end":{"line":67,"column":40}},"44":{"start":{"line":69,"column":18},"end":{"line":69,"column":56}},"45":{"start":{"line":70,"column":4},"end":{"line":73,"column":5}},"46":{"start":{"line":71,"column":6},"end":{"line":71,"column":69}},"47":{"start":{"line":72,"column":6},"end":{"line":72,"column":69}},"48":{"start":{"line":74,"column":4},"end":{"line":74,"column":66}},"49":{"start":{"line":76,"column":24},"end":{"line":76,"column":85}},"50":{"start":{"line":78,"column":4},"end":{"line":85,"column":7}},"51":{"start":{"line":87,"column":4},"end":{"line":87,"column":64}},"52":{"start":{"line":89,"column":4},"end":{"line":89,"column":91}},"53":{"start":{"line":91,"column":4},"end":{"line":91,"column":56}},"54":{"start":{"line":92,"column":4},"end":{"line":92,"column":76}},"55":{"start":{"line":96,"column":0},"end":{"line":106,"column":2}},"56":{"start":{"line":97,"column":2},"end":{"line":105,"column":3}},"57":{"start":{"line":98,"column":4},"end":{"line":98,"column":39}},"58":{"start":{"line":100,"column":4},"end":{"line":100,"column":54}},"59":{"start":{"line":101,"column":4},"end":{"line":101,"column":74}},"60":{"start":{"line":103,"column":4},"end":{"line":103,"column":52}},"61":{"start":{"line":104,"column":4},"end":{"line":104,"column":66}}},"fnMap":{"0":{"name":"(anonymous_0)","decl":{"start":{"line":5,"column":22},"end":{"line":5,"column":23}},"loc":{"start":{"line":5,"column":42},"end":{"line":19,"column":1}},"line":5},"1":{"name":"(anonymous_1)","decl":{"start":{"line":21,"column":23},"end":{"line":21,"column":24}},"loc":{"start":{"line":21,"column":43},"end":{"line":35,"column":1}},"line":21},"2":{"name":"(anonymous_2)","decl":{"start":{"line":37,"column":29},"end":{"line":37,"column":30}},"loc":{"start":{"line":37,"column":49},"end":{"line":48,"column":1}},"line":37},"3":{"name":"(anonymous_3)","decl":{"start":{"line":50,"column":23},"end":{"line":50,"column":24}},"loc":{"start":{"line":50,"column":43},"end":{"line":62,"column":1}},"line":50},"4":{"name":"(anonymous_4)","decl":{"start":{"line":64,"column":24},"end":{"line":64,"column":25}},"loc":{"start":{"line":64,"column":44},"end":{"line":94,"column":1}},"line":64},"5":{"name":"(anonymous_5)","decl":{"start":{"line":96,"column":26},"end":{"line":96,"column":27}},"loc":{"start":{"line":96,"column":46},"end":{"line":106,"column":1}},"line":96}},"branchMap":{"0":{"loc":{"start":{"line":26,"column":4},"end":{"line":26,"column":79}},"type":"if","locations":[{"start":{"line":26,"column":4},"end":{"line":26,"column":79}},{"start":{},"end":{}}],"line":26},"1":{"loc":{"start":{"line":40,"column":4},"end":{"line":40,"column":96}},"type":"if","locations":[{"start":{"line":40,"column":4},"end":{"line":40,"column":96}},{"start":{},"end":{}}],"line":40},"2":{"loc":{"start":{"line":70,"column":4},"end":{"line":73,"column":5}},"type":"if","locations":[{"start":{"line":70,"column":4},"end":{"line":73,"column":5}},{"start":{},"end":{}}],"line":70}},"s":{"0":2,"1":2,"2":2,"3":2,"4":2,"5":2,"6":2,"7":2,"8":2,"9":2,"10":2,"11":0,"12":0,"13":2,"14":1,"15":1,"16":0,"17":0,"18":0,"19":0,"20":0,"21":1,"22":1,"23":2,"24":1,"25":1,"26":1,"27":0,"28":1,"29":1,"30":0,"31":0,"32":2,"33":1,"34":1,"35":1,"36":1,"37":1,"38":0,"39":0,"40":2,"41":1,"42":1,"43":1,"44":1,"45":1,"46":0,"47":0,"48":1,"49":1,"50":1,"51":1,"52":1,"53":0,"54":0,"55":2,"56":2,"57":2,"58":2,"59":2,"60":0,"61":0},"f":{"0":2,"1":1,"2":1,"3":1,"4":1,"5":2},"b":{"0":[0,0],"1":[0,1],"2":[0,1]},"_coverageSchema":"1a1c01bbd47fc00a2c39e90264f33305004495a9","hash":"e026e42f150129e6cdf6b3c55fa1a397b483f669"}
,"C:\\Users\\felip\\dev\\pos\\Hackaton\\MS-video-processor\\src\\models\\frame.model.js": {"path":"C:\\Users\\felip\\dev\\pos\\Hackaton\\MS-video-processor\\src\\models\\frame.model.js","statementMap":{"0":{"start":{"line":1,"column":21},"end":{"line":1,"column":39}},"1":{"start":{"line":2,"column":18},"end":{"line":2,"column":47}},"2":{"start":{"line":4,"column":0},"end":{"line":9,"column":2}},"3":{"start":{"line":5,"column":13},"end":{"line":5,"column":26}},"4":{"start":{"line":6,"column":17},"end":{"line":6,"column":62}},"5":{"start":{"line":8,"column":2},"end":{"line":8,"column":27}},"6":{"start":{"line":11,"column":0},"end":{"line":15,"column":2}},"7":{"start":{"line":12,"column":13},"end":{"line":12,"column":26}},"8":{"start":{"line":14,"column":2},"end":{"line":14,"column":68}},"9":{"start":{"line":17,"column":0},"end":{"line":21,"column":2}},"10":{"start":{"line":18,"column":13},"end":{"line":18,"column":26}},"11":{"start":{"line":20,"column":2},"end":{"line":20,"column":62}},"12":{"start":{"line":23,"column":0},"end":{"line":27,"column":2}},"13":{"start":{"line":24,"column":13},"end":{"line":24,"column":26}},"14":{"start":{"line":26,"column":2},"end":{"line":26,"column":103}},"15":{"start":{"line":29,"column":0},"end":{"line":33,"column":2}},"16":{"start":{"line":30,"column":13},"end":{"line":30,"column":20}},"17":{"start":{"line":32,"column":2},"end":{"line":32,"column":48}}},"fnMap":{"0":{"name":"(anonymous_0)","decl":{"start":{"line":4,"column":22},"end":{"line":4,"column":23}},"loc":{"start":{"line":4,"column":38},"end":{"line":9,"column":1}},"line":4},"1":{"name":"(anonymous_1)","decl":{"start":{"line":11,"column":23},"end":{"line":11,"column":24}},"loc":{"start":{"line":11,"column":37},"end":{"line":15,"column":1}},"line":11},"2":{"name":"(anonymous_2)","decl":{"start":{"line":17,"column":29},"end":{"line":17,"column":30}},"loc":{"start":{"line":17,"column":49},"end":{"line":21,"column":1}},"line":17},"3":{"name":"(anonymous_3)","decl":{"start":{"line":23,"column":28},"end":{"line":23,"column":29}},"loc":{"start":{"line":23,"column":53},"end":{"line":27,"column":1}},"line":23},"4":{"name":"(anonymous_4)","decl":{"start":{"line":29,"column":26},"end":{"line":29,"column":27}},"loc":{"start":{"line":29,"column":38},"end":{"line":33,"column":1}},"line":29}},"branchMap":{},"s":{"0":3,"1":3,"2":3,"3":0,"4":0,"5":0,"6":3,"7":0,"8":0,"9":3,"10":0,"11":0,"12":3,"13":0,"14":0,"15":3,"16":0,"17":0},"f":{"0":0,"1":0,"2":0,"3":0,"4":0},"b":{},"_coverageSchema":"1a1c01bbd47fc00a2c39e90264f33305004495a9","hash":"ac0f19d7341d95f6e4fa99ca21e4ec7e699fd5ff"}
,"C:\\Users\\felip\\dev\\pos\\Hackaton\\MS-video-processor\\src\\routes\\frame.routes.js": {"path":"C:\\Users\\felip\\dev\\pos\\Hackaton\\MS-video-processor\\src\\routes\\frame.routes.js","statementMap":{"0":{"start":{"line":1,"column":16},"end":{"line":1,"column":34}},"1":{"start":{"line":2,"column":15},"end":{"line":2,"column":31}},"2":{"start":{"line":3,"column":24},"end":{"line":3,"column":66}},"3":{"start":{"line":5,"column":0},"end":{"line":5,"column":46}},"4":{"start":{"line":6,"column":0},"end":{"line":6,"column":52}},"5":{"start":{"line":7,"column":0},"end":{"line":7,"column":54}},"6":{"start":{"line":8,"column":0},"end":{"line":8,"column":61}},"7":{"start":{"line":9,"column":0},"end":{"line":9,"column":66}},"8":{"start":{"line":10,"column":0},"end":{"line":10,"column":52}},"9":{"start":{"line":12,"column":0},"end":{"line":12,"column":24}}},"fnMap":{},"branchMap":{},"s":{"0":1,"1":1,"2":1,"3":1,"4":1,"5":1,"6":1,"7":1,"8":1,"9":1},"f":{},"b":{},"_coverageSchema":"1a1c01bbd47fc00a2c39e90264f33305004495a9","hash":"dec6ea1cdf76255030890584ed19f6af9c8a306e"}
,"C:\\Users\\felip\\dev\\pos\\Hackaton\\MS-video-processor\\src\\utils\\awsClient.js": {"path":"C:\\Users\\felip\\dev\\pos\\Hackaton\\MS-video-processor\\src\\utils\\awsClient.js","statementMap":{"0":{"start":{"line":1,"column":42},"end":{"line":1,"column":72}},"1":{"start":{"line":2,"column":99},"end":{"line":2,"column":115}},"2":{"start":{"line":4,"column":18},"end":{"line":11,"column":2}},"3":{"start":{"line":14,"column":17},"end":{"line":17,"column":3}},"4":{"start":{"line":19,"column":2},"end":{"line":28,"column":3}},"5":{"start":{"line":20,"column":20},"end":{"line":20,"column":50}},"6":{"start":{"line":21,"column":19},"end":{"line":21,"column":48}},"7":{"start":{"line":22,"column":4},"end":{"line":22,"column":75}},"8":{"start":{"line":24,"column":4},"end":{"line":24,"column":18}},"9":{"start":{"line":26,"column":4},"end":{"line":26,"column":71}},"10":{"start":{"line":27,"column":4},"end":{"line":27,"column":14}},"11":{"start":{"line":31,"column":0},"end":{"line":31,"column":40}}},"fnMap":{"0":{"name":"sendMessageToQueue","decl":{"start":{"line":13,"column":15},"end":{"line":13,"column":33}},"loc":{"start":{"line":13,"column":47},"end":{"line":29,"column":1}},"line":13}},"branchMap":{},"s":{"0":2,"1":2,"2":2,"3":0,"4":0,"5":0,"6":0,"7":0,"8":0,"9":0,"10":0,"11":2},"f":{"0":0},"b":{},"_coverageSchema":"1a1c01bbd47fc00a2c39e90264f33305004495a9","hash":"630e045df521d60fa5ece1ea8ed461ef07c66283"}
,"C:\\Users\\felip\\dev\\pos\\Hackaton\\MS-video-processor\\src\\utils\\env.js": {"path":"C:\\Users\\felip\\dev\\pos\\Hackaton\\MS-video-processor\\src\\utils\\env.js","statementMap":{"0":{"start":{"line":1,"column":0},"end":{"line":1,"column":27}},"1":{"start":{"line":3,"column":0},"end":{"line":16,"column":2}}},"fnMap":{},"branchMap":{},"s":{"0":6,"1":6},"f":{},"b":{},"_coverageSchema":"1a1c01bbd47fc00a2c39e90264f33305004495a9","hash":"0dd3386e8ebc33ca88e2e03763e0a3335c374125"}
,"C:\\Users\\felip\\dev\\pos\\Hackaton\\MS-video-processor\\src\\utils\\s3.client.js": {"path":"C:\\Users\\felip\\dev\\pos\\Hackaton\\MS-video-processor\\src\\utils\\s3.client.js","statementMap":{"0":{"start":{"line":1,"column":57},"end":{"line":1,"column":86}},"1":{"start":{"line":2,"column":25},"end":{"line":2,"column":65}},"2":{"start":{"line":3,"column":100},"end":{"line":3,"column":123}},"3":{"start":{"line":5,"column":11},"end":{"line":12,"column":2}},"4":{"start":{"line":14,"column":0},"end":{"line":21,"column":2}},"5":{"start":{"line":15,"column":20},"end":{"line":15,"column":35}},"6":{"start":{"line":18,"column":4},"end":{"line":18,"column":148}},"7":{"start":{"line":20,"column":2},"end":{"line":20,"column":56}}},"fnMap":{"0":{"name":"(anonymous_0)","decl":{"start":{"line":14,"column":31},"end":{"line":14,"column":32}},"loc":{"start":{"line":14,"column":68},"end":{"line":21,"column":1}},"line":14}},"branchMap":{"0":{"loc":{"start":{"line":14,"column":43},"end":{"line":14,"column":63}},"type":"default-arg","locations":[{"start":{"line":14,"column":52},"end":{"line":14,"column":63}}],"line":14},"1":{"loc":{"start":{"line":18,"column":4},"end":{"line":18,"column":148}},"type":"cond-expr","locations":[{"start":{"line":18,"column":29},"end":{"line":18,"column":87}},{"start":{"line":18,"column":90},"end":{"line":18,"column":148}}],"line":18}},"s":{"0":2,"1":2,"2":2,"3":2,"4":2,"5":0,"6":0,"7":0},"f":{"0":0},"b":{"0":[0],"1":[0,0]},"_coverageSchema":"1a1c01bbd47fc00a2c39e90264f33305004495a9","hash":"a6a42b39f16433263f2b6564bd0423506b253752"}
}
