TN:
SF:src\app.js
FNF:0
FNH:0
DA:1,1
DA:2,1
DA:3,1
DA:4,1
DA:6,1
DA:8,1
DA:9,1
DA:12,1
DA:15,1
DA:17,1
LF:10
LH:10
BRF:0
BRH:0
end_of_record
TN:
SF:src\config\database.js
FN:6,connectToDatabase
FN:14,getDb
FNF:2
FNH:2
FNDA:1,connectToDatabase
FNDA:8,getDb
DA:1,3
DA:2,3
DA:7,1
DA:9,1
DA:10,1
DA:11,1
DA:15,8
DA:16,8
DA:19,3
LF:9
LH:9
BRDA:15,0,0,0
BRDA:15,0,1,8
BRF:2
BRH:1
end_of_record
TN:
SF:src\config\swagger.js
FN:4,(anonymous_0)
FNF:1
FNH:1
FNDA:1,(anonymous_0)
DA:1,1
DA:2,1
DA:4,1
DA:6,1
LF:4
LH:4
BRF:0
BRH:0
end_of_record
TN:
SF:src\controllers\frame.controller.js
FN:5,(anonymous_0)
FN:21,(anonymous_1)
FN:37,(anonymous_2)
FN:50,(anonymous_3)
FN:64,(anonymous_4)
FN:96,(anonymous_5)
FNF:6
FNH:6
FNDA:2,(anonymous_0)
FNDA:1,(anonymous_1)
FNDA:1,(anonymous_2)
FNDA:1,(anonymous_3)
FNDA:1,(anonymous_4)
FNDA:2,(anonymous_5)
DA:1,2
DA:2,2
DA:3,2
DA:5,2
DA:6,2
DA:7,2
DA:8,2
DA:10,2
DA:11,2
DA:13,2
DA:14,2
DA:16,0
DA:17,0
DA:21,2
DA:22,1
DA:23,1
DA:25,1
DA:26,1
DA:28,1
DA:30,1
DA:32,0
DA:33,0
DA:37,2
DA:38,1
DA:39,1
DA:40,1
DA:42,1
DA:43,1
DA:45,0
DA:46,0
DA:50,2
DA:51,1
DA:52,1
DA:53,1
DA:55,1
DA:57,1
DA:59,0
DA:60,0
DA:64,2
DA:65,1
DA:66,1
DA:67,1
DA:69,1
DA:70,1
DA:71,0
DA:72,0
DA:74,1
DA:76,1
DA:78,1
DA:87,1
DA:89,1
DA:91,0
DA:92,0
DA:96,2
DA:97,2
DA:98,2
DA:100,2
DA:101,2
DA:103,0
DA:104,0
LF:60
LH:46
BRDA:26,0,0,0
BRDA:26,0,1,1
BRDA:40,1,0,0
BRDA:40,1,1,1
BRDA:70,2,0,0
BRDA:70,2,1,1
BRF:6
BRH:3
end_of_record
TN:
SF:src\models\frame.model.js
FN:4,(anonymous_0)
FN:11,(anonymous_1)
FN:17,(anonymous_2)
FN:23,(anonymous_3)
FN:29,(anonymous_4)
FNF:5
FNH:5
FNDA:1,(anonymous_0)
FNDA:2,(anonymous_1)
FNDA:2,(anonymous_2)
FNDA:1,(anonymous_3)
FNDA:1,(anonymous_4)
DA:1,3
DA:2,3
DA:4,3
DA:5,1
DA:6,1
DA:8,1
DA:11,3
DA:12,2
DA:14,2
DA:17,3
DA:18,2
DA:20,2
DA:23,3
DA:24,1
DA:26,1
DA:29,3
DA:30,1
DA:32,1
LF:18
LH:18
BRF:0
BRH:0
end_of_record
TN:
SF:src\routes\frame.routes.js
FNF:0
FNH:0
DA:1,1
DA:2,1
DA:3,1
DA:5,1
DA:6,1
DA:7,1
DA:8,1
DA:9,1
DA:10,1
DA:12,1
LF:10
LH:10
BRF:0
BRH:0
end_of_record
TN:
SF:src\utils\awsClient.js
FN:13,sendMessageToQueue
FNF:1
FNH:0
FNDA:0,sendMessageToQueue
DA:1,2
DA:2,2
DA:4,2
DA:14,0
DA:19,0
DA:20,0
DA:21,0
DA:22,0
DA:24,0
DA:26,0
DA:27,0
DA:31,2
LF:12
LH:4
BRF:0
BRH:0
end_of_record
TN:
SF:src\utils\env.js
FNF:0
FNH:0
DA:1,6
DA:3,6
LF:2
LH:2
BRF:0
BRH:0
end_of_record
TN:
SF:src\utils\s3.client.js
FN:14,(anonymous_0)
FNF:1
FNH:0
FNDA:0,(anonymous_0)
DA:1,2
DA:2,2
DA:3,2
DA:5,2
DA:14,2
DA:15,0
DA:18,0
DA:20,0
LF:8
LH:5
BRDA:14,0,0,0
BRDA:18,1,0,0
BRDA:18,1,1,0
BRF:3
BRH:0
end_of_record
